[31m[2020-02-28 14:54:54.881] [ERROR] datatip - [39mError getting datatip from provider PHPDebugLanguageClient undefined
[31m[2020-02-28 14:55:15.334] [ERROR] datatip - [39mError getting datatip from provider PHPDebugLanguageClient undefined
[31m[2020-02-28 14:55:28.131] [ERROR] datatip - [39mError getting datatip from provider PHPDebugLanguageClient undefined
[31m[2020-02-28 14:55:31.245] [ERROR] datatip - [39mError getting datatip from provider PHPDebugLanguageClient undefined
[31m[2020-02-28 14:55:36.900] [ERROR] datatip - [39mError getting datatip from provider PHPDebugLanguageClient undefined
[31m[2020-02-28 14:55:37.888] [ERROR] datatip - [39mError getting datatip from provider PHPDebugLanguageClient undefined
[31m[2020-02-28 14:55:38.735] [ERROR] datatip - [39mError getting datatip from provider PHPDebugLanguageClient undefined
[31m[2020-02-28 14:55:39.164] [ERROR] datatip - [39mError getting datatip from provider PHPDebugLanguageClient undefined
[31m[2020-02-28 14:55:41.571] [ERROR] datatip - [39mError getting datatip from provider PHPDebugLanguageClient undefined
[31m[2020-02-28 14:55:46.587] [ERROR] datatip - [39mError getting datatip from provider PHPDebugLanguageClient undefined
[31m[2020-02-28 14:55:49.670] [ERROR] datatip - [39mError getting datatip from provider PHPDebugLanguageClient undefined
[31m[2020-02-28 14:56:03.090] [ERROR] datatip - [39mError getting datatip from provider PHPDebugLanguageClient undefined
[31m[2020-02-28 15:40:41.152] [ERROR] datatip - [39mError getting datatip from provider PHPDebugLanguageClient undefined
[31m[2020-02-28 15:40:43.106] [ERROR] datatip - [39mError getting datatip from provider PHPDebugLanguageClient undefined
[31m[2020-02-28 16:43:44.212] [ERROR] datatip - [39mError getting datatip from provider PHPDebugLanguageClient undefined
[31m[2020-02-28 16:43:46.839] [ERROR] datatip - [39mError getting datatip from provider PHPDebugLanguageClient undefined
[31m[2020-02-28 16:43:48.355] [ERROR] datatip - [39mError getting datatip from provider PHPDebugLanguageClient undefined
[31m[2020-02-28 16:43:48.956] [ERROR] datatip - [39mError getting datatip from provider PHPDebugLanguageClient undefined
[31m[2020-02-28 16:52:59.513] [ERROR] datatip - [39mError getting datatip from provider PHPDebugLanguageClient undefined
[31m[2020-02-28 16:53:13.439] [ERROR] datatip - [39mError getting datatip from provider PHPDebugLanguageClient undefined
[31m[2020-02-28 16:53:58.492] [ERROR] datatip - [39mError getting datatip from provider PHPDebugLanguageClient undefined
[31m[2020-02-28 16:54:01.577] [ERROR] datatip - [39mError getting datatip from provider PHPDebugLanguageClient undefined
[31m[2020-02-28 16:54:02.529] [ERROR] datatip - [39mError getting datatip from provider PHPDebugLanguageClient undefined
Gtk-Message: GtkDialog mapped without a transient parent. This is discouraged.
[31m[2020-02-28 16:54:21.868] [ERROR] datatip - [39mError getting datatip from provider PHPDebugLanguageClient undefined
[31m[2020-02-28 16:55:25.576] [ERROR] datatip - [39mError getting datatip from provider PHPDebugLanguageClient undefined
[31m[2020-02-28 16:55:25.623] [ERROR] datatip - [39mError getting datatip from provider PHPDebugLanguageClient undefined
[31m[2020-02-28 16:55:47.129] [ERROR] datatip - [39mError getting datatip from provider PHPDebugLanguageClient undefined
[31m[2020-02-28 16:56:01.084] [ERROR] datatip - [39mError getting datatip from provider PHPDebugLanguageClient undefined
[31m[2020-02-28 16:56:53.910] [ERROR] datatip - [39mError getting datatip from provider PHPDebugLanguageClient undefined
[31m[2020-02-28 16:56:54.659] [ERROR] datatip - [39mError getting datatip from provider PHPDebugLanguageClient undefined
[31m[2020-02-28 16:56:55.801] [ERROR] datatip - [39mError getting datatip from provider PHPDebugLanguageClient undefined
[31m[2020-02-28 16:56:59.603] [ERROR] datatip - [39mError getting datatip from provider PHPDebugLanguageClient { TypeError: Cannot read property 'hasOwnProperty' of undefined
    at PHPDebugEngine.hasContext (/home/sbk/.atom/packages/php-debug/lib/engines/dbgp/engine.js:102:34)
    at PHPDebugEngine.tryGetContext (/home/sbk/.atom/packages/php-debug/lib/engines/dbgp/engine.js:147:16)
    at /home/sbk/.atom/packages/php-debug/lib/php-debug.js:372:47
    at <anonymous>
  rawStack: [ CallSite {}, CallSite {}, CallSite {}, CallSite {} ] }
[31m[2020-02-28 17:02:51.288] [ERROR] datatip - [39mError getting datatip from provider PHPDebugLanguageClient { TypeError: Cannot read property 'hasOwnProperty' of undefined
    at PHPDebugEngine.hasContext (/home/sbk/.atom/packages/php-debug/lib/engines/dbgp/engine.js:102:34)
    at PHPDebugEngine.tryGetContext (/home/sbk/.atom/packages/php-debug/lib/engines/dbgp/engine.js:147:16)
    at /home/sbk/.atom/packages/php-debug/lib/php-debug.js:372:47
    at <anonymous>
  rawStack: [ CallSite {}, CallSite {}, CallSite {}, CallSite {} ] }
[31m[2020-02-28 17:02:52.189] [ERROR] datatip - [39mError getting datatip from provider PHPDebugLanguageClient undefined
[31m[2020-02-28 17:02:52.721] [ERROR] datatip - [39mError getting datatip from provider PHPDebugLanguageClient undefined
[31m[2020-02-28 17:02:54.015] [ERROR] datatip - [39mError getting datatip from provider PHPDebugLanguageClient undefined
[31m[2020-02-28 17:02:59.395] [ERROR] datatip - [39mError getting datatip from provider PHPDebugLanguageClient { TypeError: Cannot read property 'hasOwnProperty' of undefined
    at PHPDebugEngine.hasContext (/home/sbk/.atom/packages/php-debug/lib/engines/dbgp/engine.js:102:34)
    at PHPDebugEngine.tryGetContext (/home/sbk/.atom/packages/php-debug/lib/engines/dbgp/engine.js:147:16)
    at /home/sbk/.atom/packages/php-debug/lib/php-debug.js:372:47
    at <anonymous>
  rawStack: [ CallSite {}, CallSite {}, CallSite {}, CallSite {} ] }
[31m[2020-02-28 17:03:00.647] [ERROR] datatip - [39mError getting datatip from provider PHPDebugLanguageClient { TypeError: Cannot read property 'hasOwnProperty' of undefined
    at PHPDebugEngine.hasContext (/home/sbk/.atom/packages/php-debug/lib/engines/dbgp/engine.js:102:34)
    at PHPDebugEngine.tryGetContext (/home/sbk/.atom/packages/php-debug/lib/engines/dbgp/engine.js:147:16)
    at /home/sbk/.atom/packages/php-debug/lib/php-debug.js:372:47
    at <anonymous>
  rawStack: [ CallSite {}, CallSite {}, CallSite {}, CallSite {} ] }
[31m[2020-02-28 17:04:16.843] [ERROR] datatip - [39mError getting datatip from provider PHPDebugLanguageClient { TypeError: Cannot read property 'hasOwnProperty' of undefined
    at PHPDebugEngine.hasContext (/home/sbk/.atom/packages/php-debug/lib/engines/dbgp/engine.js:102:34)
    at PHPDebugEngine.tryGetContext (/home/sbk/.atom/packages/php-debug/lib/engines/dbgp/engine.js:147:16)
    at /home/sbk/.atom/packages/php-debug/lib/php-debug.js:372:47
    at <anonymous>
  rawStack: [ CallSite {}, CallSite {}, CallSite {}, CallSite {} ] }
[31m[2020-02-28 17:04:23.735] [ERROR] datatip - [39mError getting datatip from provider PHPDebugLanguageClient undefined
[31m[2020-02-28 17:04:24.735] [ERROR] datatip - [39mError getting datatip from provider PHPDebugLanguageClient undefined
[31m[2020-02-28 17:05:33.380] [ERROR] datatip - [39mError getting datatip from provider PHPDebugLanguageClient { TypeError: Cannot read property 'hasOwnProperty' of undefined
    at PHPDebugEngine.hasContext (/home/sbk/.atom/packages/php-debug/lib/engines/dbgp/engine.js:102:34)
    at PHPDebugEngine.tryGetContext (/home/sbk/.atom/packages/php-debug/lib/engines/dbgp/engine.js:147:16)
    at /home/sbk/.atom/packages/php-debug/lib/php-debug.js:372:47
    at <anonymous>
  rawStack: [ CallSite {}, CallSite {}, CallSite {}, CallSite {} ] }
[31m[2020-02-28 17:05:47.201] [ERROR] datatip - [39mError getting datatip from provider PHPDebugLanguageClient { TypeError: Cannot read property 'hasOwnProperty' of undefined
    at PHPDebugEngine.hasContext (/home/sbk/.atom/packages/php-debug/lib/engines/dbgp/engine.js:102:34)
    at PHPDebugEngine.tryGetContext (/home/sbk/.atom/packages/php-debug/lib/engines/dbgp/engine.js:147:16)
    at /home/sbk/.atom/packages/php-debug/lib/php-debug.js:372:47
    at <anonymous>
  rawStack: [ CallSite {}, CallSite {}, CallSite {}, CallSite {} ] }
[31m[2020-02-28 17:06:09.543] [ERROR] datatip - [39mError getting datatip from provider PHPDebugLanguageClient { TypeError: Cannot read property 'hasOwnProperty' of undefined
    at PHPDebugEngine.hasContext (/home/sbk/.atom/packages/php-debug/lib/engines/dbgp/engine.js:102:34)
    at PHPDebugEngine.tryGetContext (/home/sbk/.atom/packages/php-debug/lib/engines/dbgp/engine.js:147:16)
    at /home/sbk/.atom/packages/php-debug/lib/php-debug.js:372:47
    at <anonymous>
  rawStack: [ CallSite {}, CallSite {}, CallSite {}, CallSite {} ] }
[31m[2020-02-28 17:06:18.391] [ERROR] datatip - [39mError getting datatip from provider PHPDebugLanguageClient { TypeError: Cannot read property 'hasOwnProperty' of undefined
    at PHPDebugEngine.hasContext (/home/sbk/.atom/packages/php-debug/lib/engines/dbgp/engine.js:102:34)
    at PHPDebugEngine.tryGetContext (/home/sbk/.atom/packages/php-debug/lib/engines/dbgp/engine.js:147:16)
    at /home/sbk/.atom/packages/php-debug/lib/php-debug.js:372:47
    at <anonymous>
  rawStack: [ CallSite {}, CallSite {}, CallSite {}, CallSite {} ] }
[31m[2020-02-28 17:06:19.083] [ERROR] datatip - [39mError getting datatip from provider PHPDebugLanguageClient { TypeError: Cannot read property 'hasOwnProperty' of undefined
    at PHPDebugEngine.hasContext (/home/sbk/.atom/packages/php-debug/lib/engines/dbgp/engine.js:102:34)
    at PHPDebugEngine.tryGetContext (/home/sbk/.atom/packages/php-debug/lib/engines/dbgp/engine.js:147:16)
    at /home/sbk/.atom/packages/php-debug/lib/php-debug.js:372:47
    at <anonymous>
  rawStack: [ CallSite {}, CallSite {}, CallSite {}, CallSite {} ] }
[31m[2020-02-28 18:14:30.033] [ERROR] datatip - [39mError getting datatip from provider PHPDebugLanguageClient { TypeError: Cannot read property 'hasOwnProperty' of undefined
    at PHPDebugEngine.hasContext (/home/sbk/.atom/packages/php-debug/lib/engines/dbgp/engine.js:102:34)
    at PHPDebugEngine.tryGetContext (/home/sbk/.atom/packages/php-debug/lib/engines/dbgp/engine.js:147:16)
    at /home/sbk/.atom/packages/php-debug/lib/php-debug.js:372:47
    at <anonymous>
  rawStack: [ CallSite {}, CallSite {}, CallSite {}, CallSite {} ] }
[31m[2020-02-28 18:14:39.004] [ERROR] datatip - [39mError getting datatip from provider PHPDebugLanguageClient { TypeError: Cannot read property 'hasOwnProperty' of undefined
    at PHPDebugEngine.hasContext (/home/sbk/.atom/packages/php-debug/lib/engines/dbgp/engine.js:102:34)
    at PHPDebugEngine.tryGetContext (/home/sbk/.atom/packages/php-debug/lib/engines/dbgp/engine.js:147:16)
    at /home/sbk/.atom/packages/php-debug/lib/php-debug.js:372:47
    at <anonymous>
  rawStack: [ CallSite {}, CallSite {}, CallSite {}, CallSite {} ] }
[31m[2020-02-28 18:14:53.657] [ERROR] datatip - [39mError getting datatip from provider PHPDebugLanguageClient undefined
[31m[2020-02-28 18:15:29.568] [ERROR] datatip - [39mError getting datatip from provider PHPDebugLanguageClient undefined
[31m[2020-02-28 18:15:30.437] [ERROR] datatip - [39mError getting datatip from provider PHPDebugLanguageClient undefined
[31m[2020-02-28 18:16:10.526] [ERROR] datatip - [39mError getting datatip from provider PHPDebugLanguageClient undefined
[31m[2020-02-28 18:16:14.912] [ERROR] datatip - [39mError getting datatip from provider PHPDebugLanguageClient undefined
[31m[2020-02-28 18:16:15.609] [ERROR] datatip - [39mError getting datatip from provider PHPDebugLanguageClient undefined
[31m[2020-02-28 18:16:16.041] [ERROR] datatip - [39mError getting datatip from provider PHPDebugLanguageClient undefined
[31m[2020-02-28 18:16:21.145] [ERROR] datatip - [39mError getting datatip from provider PHPDebugLanguageClient { TypeError: Cannot read property 'hasOwnProperty' of undefined
    at PHPDebugEngine.hasContext (/home/sbk/.atom/packages/php-debug/lib/engines/dbgp/engine.js:102:34)
    at PHPDebugEngine.tryGetContext (/home/sbk/.atom/packages/php-debug/lib/engines/dbgp/engine.js:147:16)
    at /home/sbk/.atom/packages/php-debug/lib/php-debug.js:372:47
    at <anonymous>
  rawStack: [ CallSite {}, CallSite {}, CallSite {}, CallSite {} ] }
[31m[2020-02-28 18:17:50.615] [ERROR] datatip - [39mError getting datatip from provider PHPDebugLanguageClient { TypeError: Cannot read property 'hasOwnProperty' of undefined
    at PHPDebugEngine.hasContext (/home/sbk/.atom/packages/php-debug/lib/engines/dbgp/engine.js:102:34)
    at PHPDebugEngine.tryGetContext (/home/sbk/.atom/packages/php-debug/lib/engines/dbgp/engine.js:147:16)
    at /home/sbk/.atom/packages/php-debug/lib/php-debug.js:372:47
    at <anonymous>
  rawStack: [ CallSite {}, CallSite {}, CallSite {}, CallSite {} ] }
[31m[2020-02-28 18:17:59.219] [ERROR] datatip - [39mError getting datatip from provider PHPDebugLanguageClient undefined
[31m[2020-02-28 18:27:07.651] [ERROR] datatip - [39mError getting datatip from provider PHPDebugLanguageClient undefined
[31m[2020-02-28 18:27:37.976] [ERROR] datatip - [39mError getting datatip from provider PHPDebugLanguageClient undefined
[31m[2020-02-28 18:27:39.011] [ERROR] datatip - [39mError getting datatip from provider PHPDebugLanguageClient { TypeError: Cannot read property 'hasOwnProperty' of undefined
    at PHPDebugEngine.hasContext (/home/sbk/.atom/packages/php-debug/lib/engines/dbgp/engine.js:102:34)
    at PHPDebugEngine.tryGetContext (/home/sbk/.atom/packages/php-debug/lib/engines/dbgp/engine.js:147:16)
    at /home/sbk/.atom/packages/php-debug/lib/php-debug.js:372:47
    at <anonymous>
  rawStack: [ CallSite {}, CallSite {}, CallSite {}, CallSite {} ] }
[31m[2020-02-28 18:37:45.885] [ERROR] datatip - [39mError getting datatip from provider PHPDebugLanguageClient undefined
[31m[2020-02-28 18:37:54.285] [ERROR] datatip - [39mError getting datatip from provider PHPDebugLanguageClient { TypeError: Cannot read property 'hasOwnProperty' of undefined
    at PHPDebugEngine.hasContext (/home/sbk/.atom/packages/php-debug/lib/engines/dbgp/engine.js:102:34)
    at PHPDebugEngine.tryGetContext (/home/sbk/.atom/packages/php-debug/lib/engines/dbgp/engine.js:147:16)
    at /home/sbk/.atom/packages/php-debug/lib/php-debug.js:372:47
    at <anonymous>
  rawStack: [ CallSite {}, CallSite {}, CallSite {}, CallSite {} ] }
[31m[2020-02-28 18:42:22.048] [ERROR] datatip - [39mError getting datatip from provider PHPDebugLanguageClient undefined
[31m[2020-02-28 18:42:32.214] [ERROR] datatip - [39mError getting datatip from provider PHPDebugLanguageClient { TypeError: Cannot read property 'hasOwnProperty' of undefined
    at PHPDebugEngine.hasContext (/home/sbk/.atom/packages/php-debug/lib/engines/dbgp/engine.js:102:34)
    at PHPDebugEngine.tryGetContext (/home/sbk/.atom/packages/php-debug/lib/engines/dbgp/engine.js:147:16)
    at /home/sbk/.atom/packages/php-debug/lib/php-debug.js:372:47
    at <anonymous>
  rawStack: [ CallSite {}, CallSite {}, CallSite {}, CallSite {} ] }
[31m[2020-02-28 18:44:40.698] [ERROR] datatip - [39mError getting datatip from provider PHPDebugLanguageClient { TypeError: Cannot read property 'hasOwnProperty' of undefined
    at PHPDebugEngine.hasContext (/home/sbk/.atom/packages/php-debug/lib/engines/dbgp/engine.js:102:34)
    at PHPDebugEngine.tryGetContext (/home/sbk/.atom/packages/php-debug/lib/engines/dbgp/engine.js:147:16)
    at /home/sbk/.atom/packages/php-debug/lib/php-debug.js:372:47
    at <anonymous>
  rawStack: [ CallSite {}, CallSite {}, CallSite {}, CallSite {} ] }
Gtk-Message: GtkDialog mapped without a transient parent. This is discouraged.
[31m[2020-02-28 19:19:45.785] [ERROR] datatip - [39mError getting datatip from provider PHPDebugLanguageClient { TypeError: Cannot read property 'hasOwnProperty' of undefined
    at PHPDebugEngine.hasContext (/home/sbk/.atom/packages/php-debug/lib/engines/dbgp/engine.js:102:34)
    at PHPDebugEngine.tryGetContext (/home/sbk/.atom/packages/php-debug/lib/engines/dbgp/engine.js:147:16)
    at /home/sbk/.atom/packages/php-debug/lib/php-debug.js:372:47
    at <anonymous>
  rawStack: [ CallSite {}, CallSite {}, CallSite {}, CallSite {} ] }
